<?xml version="1.0" encoding="UTF-8"?>
<testsuite name="RunnerClass" tests="0" skipped="0" failures="0" errors="0" timestamp="1970-01-01T00:00:00" hostname="Purushothams-MacBook-Pro.local" time="0.0">
  <properties/>
  <system-out><![CDATA[Feature: As a user I should be able to recharge from paytm
============================size of list is 1===========================

  Background:                                    ?[90m# RechargeMobile.feature:3?[0m
    ?[32mWhen ?[0m?[32muser selects the language as English?[0m    ?[90m# SelectLanguageSteps.user_selects_language_as_English()?[0m
    ?[32mAnd ?[0m?[32muser clicks on continue button?[0m           ?[90m# SelectLanguageSteps.user_clicks_on_continue_btn()?[0m
    ?[32mThen ?[0m?[32muser should be able to see Login Screen?[0m ?[90m# LoginSteps.user_should_be_able_to_see_login_screen()?[0m
    ?[32mAnd ?[0m?[32muser skips the login?[0m                     ?[90m# LoginSteps.user_skips_login()?[0m
============================size of list is 1===========================
============================size of list is 1===========================

  Background:                                    ?[90m# RechargeMobile.feature:3?[0m
    ?[32mWhen ?[0m?[32muser selects the language as English?[0m    ?[90m# SelectLanguageSteps.user_selects_language_as_English()?[0m
    ?[32mAnd ?[0m?[32muser clicks on continue button?[0m           ?[90m# SelectLanguageSteps.user_clicks_on_continue_btn()?[0m
    ?[32mThen ?[0m?[32muser should be able to see Login Screen?[0m ?[90m# LoginSteps.user_should_be_able_to_see_login_screen()?[0m
    ?[32mAnd ?[0m?[32muser skips the login?[0m                     ?[90m# LoginSteps.user_skips_login()?[0m
============================size of list is 1===========================

  Scenario: Mobile Recharge - Postpaid                     ?[90m# RechargeMobile.feature:17?[0m
    ?[32mWhen ?[0m?[32muser chooses to recharge for postpaid mobile?[0m      ?[90m# DashboardSteps.user_chooses_to_recharge_for_postpaid_mobile()?[0m
    ?[31mAnd ?[0m?[31muser selects postpaid?[0m                              ?[90m# MobileRechargeSteps.user_selects_postpaid()?[0m
      ?[31mjava.lang.AssertionError
      	at org.junit.Assert.fail(Assert.java:86)
      	at org.junit.Assert.assertTrue(Assert.java:41)
      	at org.junit.Assert.assertTrue(Assert.java:52)
      	at steps.MobileRechargeSteps.user_selects_postpaid(MobileRechargeSteps.java:22)
      	at ?.And user selects postpaid(RechargeMobile.feature:19)
      ?[0m
    ?[36mAnd ?[0m?[36muser enters mobile number as ?[0m?[36m?[1m9901897419?[0m            ?[90m# MobileRechargeSteps.user_enters_mobile_number(String)?[0m
    ?[36mAnd ?[0m?[36muser waits for mobile operator to be auto selected?[0m ?[90m# MobileRechargeSteps.auto_select_operator_verify()?[0m
    ?[36mAnd ?[0m?[36muser chooses to recharge with Rs. ?[0m?[36m?[1m30?[0m               ?[90m# MobileRechargeSteps.enter_total_amount(String)?[0m
    ?[36mAnd ?[0m?[36muser clicks on proceed button?[0m                      ?[90m# MobileRechargeSteps.user_clicks_on_proceed_button()?[0m
Feature: As a user I should be able to select a Language after installing the app
============================size of list is 1===========================

  Scenario: As a User I should be able to select English as my preferred language ?[90m# Sample.feature:3?[0m
    ?[32mWhen ?[0m?[32muser selects the language as English?[0m                                     ?[90m# SelectLanguageSteps.user_selects_language_as_English()?[0m
    ?[32mAnd ?[0m?[32muser clicks on continue button?[0m                                            ?[90m# SelectLanguageSteps.user_clicks_on_continue_btn()?[0m
    ?[32mThen ?[0m?[32muser should be able to see Login Screen?[0m                                  ?[90m# LoginSteps.user_should_be_able_to_see_login_screen()?[0m
    ?[32mAnd ?[0m?[32muser skips the login?[0m                                                      ?[90m# LoginSteps.user_skips_login()?[0m

?[31mFailed scenarios:?[0m
?[31mRechargeMobile.feature:17 ?[0m# Scenario: Mobile Recharge - Postpaid

3 Scenarios (?[31m1 failed?[0m, ?[32m2 passed?[0m)
24 Steps (?[31m1 failed?[0m, ?[36m4 skipped?[0m, ?[32m19 passed?[0m)
3m20.525s

java.lang.AssertionError
	at org.junit.Assert.fail(Assert.java:86)
	at org.junit.Assert.assertTrue(Assert.java:41)
	at org.junit.Assert.assertTrue(Assert.java:52)
	at steps.MobileRechargeSteps.user_selects_postpaid(MobileRechargeSteps.java:22)
	at ?.And user selects postpaid(RechargeMobile.feature:19)

]]></system-out>
  <system-err><![CDATA[]]></system-err>
</testsuite>
