<?xml version="1.0" encoding="UTF-8"?>
<testsuite name="Scenario: Mobile Recharge - Postpaid" tests="11" skipped="4" failures="2" errors="0" timestamp="2017-11-09T10:46:43" hostname="Purushothams-MacBook-Pro.local" time="38.169">
  <properties/>
  <testcase name="When user selects the language as English" classname="Scenario: Mobile Recharge - Postpaid" time="0.0"/>
  <testcase name="And user clicks on continue button" classname="Scenario: Mobile Recharge - Postpaid" time="0.0"/>
  <testcase name="Then user should be able to see Login Screen" classname="Scenario: Mobile Recharge - Postpaid" time="0.0"/>
  <testcase name="And user skips the login" classname="Scenario: Mobile Recharge - Postpaid" time="0.001"/>
  <testcase name="When user chooses to recharge for postpaid mobile" classname="Scenario: Mobile Recharge - Postpaid" time="0.0"/>
  <testcase name="And user selects postpaid" classname="Scenario: Mobile Recharge - Postpaid" time="0.005">
    <failure message="java.lang.AssertionError" type="java.lang.AssertionError">java.lang.AssertionError
	at org.junit.Assert.fail(Assert.java:86)
	at org.junit.Assert.assertTrue(Assert.java:41)
	at org.junit.Assert.assertTrue(Assert.java:52)
	at steps.MobileRechargeSteps.user_selects_postpaid(MobileRechargeSteps.java:22)
	at ✽.And user selects postpaid(RechargeMobile.feature:19)
</failure>
  </testcase>
  <testcase name="And user enters mobile number as 9901897419" classname="Scenario: Mobile Recharge - Postpaid" time="0.0">
    <skipped/>
  </testcase>
  <testcase name="And user waits for mobile operator to be auto selected" classname="Scenario: Mobile Recharge - Postpaid" time="0.0">
    <skipped/>
  </testcase>
  <testcase name="And user chooses to recharge with Rs. 30" classname="Scenario: Mobile Recharge - Postpaid" time="0.0">
    <skipped/>
  </testcase>
  <testcase name="And user clicks on proceed button" classname="Scenario: Mobile Recharge - Postpaid" time="0.0">
    <skipped/>
  </testcase>
  <testcase name="classMethod" classname="Scenario: Mobile Recharge - Postpaid" time="67.538">
    <failure message="java.lang.AssertionError" type="java.lang.AssertionError">java.lang.AssertionError
	at org.junit.Assert.fail(Assert.java:86)
	at org.junit.Assert.assertTrue(Assert.java:41)
	at org.junit.Assert.assertTrue(Assert.java:52)
	at steps.MobileRechargeSteps.user_selects_postpaid(MobileRechargeSteps.java:22)
	at ✽.And user selects postpaid(RechargeMobile.feature:19)
</failure>
  </testcase>
  <system-out><![CDATA[Inside setup method
[Appium] Welcome to Appium v1.7.1
[Appium] Non-default server args:
[Appium]   sessionOverride: true
[Appium]   log: /Users/purushothamreddy/Documents/training/appium/build/appium.log
[HTTP] Could not start REST http interface listener. The requested port may already be in use. Please make sure there is no other instance of this server running already.
Error: listen EADDRINUSE 0.0.0.0:4723
    at Object._errnoException (util.js:1024:11)
    at _exceptionWithHostPort (util.js:1046:20)
    at Server.setupListenHandle [as _listen2] (net.js:1351:14)
    at listenInCluster (net.js:1392:12)
    at doListen (net.js:1501:7)
    at _combinedTickCallback (internal/process/next_tick.js:141:11)
    at process._tickCallback (internal/process/next_tick.js:180:9)
----------Re-installing app-----------------

  Scenario: Mobile Recharge - Prepaid                      ?[90m# RechargeMobile.feature:9?[0m
    ?[32mWhen ?[0m?[32muser chooses to recharge for prepaid mobile?[0m       ?[90m# DashboardSteps.user_chooses_to_recharge_for_mobile()?[0m
    ?[32mAnd ?[0m?[32muser selects prepaid?[0m                               ?[90m# MobileRechargeSteps.user_selects_prepaid()?[0m
    ?[32mAnd ?[0m?[32muser enters mobile number as ?[0m?[32m?[1m9901897419?[0m            ?[90m# MobileRechargeSteps.user_enters_mobile_number(String)?[0m
    ?[32mAnd ?[0m?[32muser waits for mobile operator to be auto selected?[0m ?[90m# MobileRechargeSteps.auto_select_operator_verify()?[0m
    ?[32mAnd ?[0m?[32muser chooses to recharge with Rs. ?[0m?[32m?[1m30?[0m               ?[90m# MobileRechargeSteps.enter_total_amount(String)?[0m
    ?[32mAnd ?[0m?[32muser clicks on proceed button?[0m                      ?[90m# MobileRechargeSteps.user_clicks_on_proceed_button()?[0m
]]></system-out>
  <system-err><![CDATA[Nov 09, 2017 4:16:38 PM org.openqa.selenium.remote.ProtocolHandshake createSession
INFO: Detected dialect: OSS
]]></system-err>
</testsuite>
