<?xml version="1.0" encoding="UTF-8"?>
<testsuite name="Scenario: Mobile Recharge - Prepaid" tests="11" skipped="0" failures="0" errors="0" timestamp="2017-11-09T10:45:20" hostname="Purushothams-MacBook-Pro.local" time="53.328">
  <properties/>
  <testcase name="When user selects the language as English" classname="Scenario: Mobile Recharge - Prepaid" time="0.0"/>
  <testcase name="And user clicks on continue button" classname="Scenario: Mobile Recharge - Prepaid" time="0.001"/>
  <testcase name="Then user should be able to see Login Screen" classname="Scenario: Mobile Recharge - Prepaid" time="0.0"/>
  <testcase name="And user skips the login" classname="Scenario: Mobile Recharge - Prepaid" time="0.0"/>
  <testcase name="When user chooses to recharge for prepaid mobile" classname="Scenario: Mobile Recharge - Prepaid" time="0.0"/>
  <testcase name="And user selects prepaid" classname="Scenario: Mobile Recharge - Prepaid" time="0.0"/>
  <testcase name="And user enters mobile number as 9901897419" classname="Scenario: Mobile Recharge - Prepaid" time="0.0"/>
  <testcase name="And user waits for mobile operator to be auto selected" classname="Scenario: Mobile Recharge - Prepaid" time="0.0"/>
  <testcase name="And user chooses to recharge with Rs. 30" classname="Scenario: Mobile Recharge - Prepaid" time="0.0"/>
  <testcase name="And user clicks on proceed button" classname="Scenario: Mobile Recharge - Prepaid" time="0.0"/>
  <testcase name="classMethod" classname="Scenario: Mobile Recharge - Prepaid" time="84.117"/>
  <system-out><![CDATA[Inside setup method
[Appium] Welcome to Appium v1.7.1
[Appium] Non-default server args:
[Appium]   sessionOverride: true
[Appium]   log: /Users/purushothamreddy/Documents/training/appium/build/appium.log
[HTTP] Could not start REST http interface listener. The requested port may already be in use. Please make sure there is no other instance of this server running already.
Error: listen EADDRINUSE 0.0.0.0:4723
    at Object._errnoException (util.js:1024:11)
    at _exceptionWithHostPort (util.js:1046:20)
    at Server.setupListenHandle [as _listen2] (net.js:1351:14)
    at listenInCluster (net.js:1392:12)
    at doListen (net.js:1501:7)
    at _combinedTickCallback (internal/process/next_tick.js:141:11)
    at process._tickCallback (internal/process/next_tick.js:180:9)
----------Re-installing app-----------------
]]></system-out>
  <system-err><![CDATA[Nov 09, 2017 4:15:17 PM org.openqa.selenium.remote.ProtocolHandshake createSession
INFO: Detected dialect: OSS
]]></system-err>
</testsuite>
